INFO [2022-04-03 21:46:05] $x
INFO [2022-04-03 21:46:05] list(set1, set2, set3)
INFO [2022-04-03 21:46:05] 
INFO [2022-04-03 21:46:05] $category.names
INFO [2022-04-03 21:46:05] c("Set 1", "Set 2 ", "Set 3")
INFO [2022-04-03 21:46:05] 
INFO [2022-04-03 21:46:05] $filename
INFO [2022-04-03 21:46:05] [1] "#14_venn_diagramm.png"
INFO [2022-04-03 21:46:05] 
INFO [2022-04-03 21:46:05] $output
INFO [2022-04-03 21:46:05] [1] TRUE
INFO [2022-04-03 21:46:05] 
INFO [2022-04-03 21:46:05] $x
INFO [2022-04-03 21:46:05] list(set1, set2, set3)
INFO [2022-04-03 21:46:05] 
INFO [2022-04-03 21:46:05] $category.names
INFO [2022-04-03 21:46:05] c("Set 1", "Set 2 ", "Set 3")
INFO [2022-04-03 21:46:05] 
INFO [2022-04-03 21:46:05] $filename
INFO [2022-04-03 21:46:05] [1] "#14_venn_diagramm.png"
INFO [2022-04-03 21:46:05] 
INFO [2022-04-03 21:46:05] $output
INFO [2022-04-03 21:46:05] [1] TRUE
INFO [2022-04-03 21:46:05] 
INFO [2022-04-03 21:46:05] $imagetype
INFO [2022-04-03 21:46:05] [1] "png"
INFO [2022-04-03 21:46:05] 
INFO [2022-04-03 21:46:05] $height
INFO [2022-04-03 21:46:05] [1] 480
INFO [2022-04-03 21:46:05] 
INFO [2022-04-03 21:46:05] $width
INFO [2022-04-03 21:46:05] [1] 480
INFO [2022-04-03 21:46:05] 
INFO [2022-04-03 21:46:05] $resolution
INFO [2022-04-03 21:46:05] [1] 300
INFO [2022-04-03 21:46:05] 
INFO [2022-04-03 21:46:05] $compression
INFO [2022-04-03 21:46:05] [1] "lzw"
INFO [2022-04-03 21:46:05] 
INFO [2022-04-03 21:46:05] $lwd
INFO [2022-04-03 21:46:05] [1] 2
INFO [2022-04-03 21:46:05] 
INFO [2022-04-03 21:46:05] $lty
INFO [2022-04-03 21:46:05] [1] "blank"
INFO [2022-04-03 21:46:05] 
INFO [2022-04-03 21:46:05] $fill
INFO [2022-04-03 21:46:05] myCol
INFO [2022-04-03 21:46:05] 
INFO [2022-04-03 21:46:05] $cex
INFO [2022-04-03 21:46:05] [1] 0.6
INFO [2022-04-03 21:46:05] 
INFO [2022-04-03 21:46:05] $fontface
INFO [2022-04-03 21:46:05] [1] "bold"
INFO [2022-04-03 21:46:05] 
INFO [2022-04-03 21:46:05] $fontfamily
INFO [2022-04-03 21:46:05] [1] "sans"
INFO [2022-04-03 21:46:05] 
INFO [2022-04-03 21:46:05] $cat.cex
INFO [2022-04-03 21:46:05] [1] 0.6
INFO [2022-04-03 21:46:05] 
INFO [2022-04-03 21:46:05] $cat.fontface
INFO [2022-04-03 21:46:05] [1] "bold"
INFO [2022-04-03 21:46:05] 
INFO [2022-04-03 21:46:05] $cat.default.pos
INFO [2022-04-03 21:46:05] [1] "outer"
INFO [2022-04-03 21:46:05] 
INFO [2022-04-03 21:46:05] $cat.pos
INFO [2022-04-03 21:46:05] c(-27, 27, 135)
INFO [2022-04-03 21:46:05] 
INFO [2022-04-03 21:46:05] $cat.dist
INFO [2022-04-03 21:46:05] c(0.055, 0.055, 0.085)
INFO [2022-04-03 21:46:05] 
INFO [2022-04-03 21:46:05] $cat.fontfamily
INFO [2022-04-03 21:46:05] [1] "sans"
INFO [2022-04-03 21:46:05] 
INFO [2022-04-03 21:46:05] $rotation
INFO [2022-04-03 21:46:05] [1] 1
INFO [2022-04-03 21:46:05] 
