INFO [2022-04-03 21:46:28] $x
INFO [2022-04-03 21:46:28] list(set1, set2, set3)
INFO [2022-04-03 21:46:28] 
INFO [2022-04-03 21:46:28] $category.names
INFO [2022-04-03 21:46:28] c("Set 1", "Set 2 ", "Set 3")
INFO [2022-04-03 21:46:28] 
INFO [2022-04-03 21:46:28] $filename
INFO [2022-04-03 21:46:28] [1] "#14_venn_diagramm.png"
INFO [2022-04-03 21:46:28] 
INFO [2022-04-03 21:46:28] $output
INFO [2022-04-03 21:46:28] [1] TRUE
INFO [2022-04-03 21:46:28] 
INFO [2022-04-03 21:46:28] $x
INFO [2022-04-03 21:46:28] list(set1, set2, set3)
INFO [2022-04-03 21:46:28] 
INFO [2022-04-03 21:46:28] $category.names
INFO [2022-04-03 21:46:28] c("Set 1", "Set 2 ", "Set 3")
INFO [2022-04-03 21:46:28] 
INFO [2022-04-03 21:46:28] $filename
INFO [2022-04-03 21:46:28] [1] "#14_venn_diagramm.png"
INFO [2022-04-03 21:46:28] 
INFO [2022-04-03 21:46:28] $output
INFO [2022-04-03 21:46:28] [1] TRUE
INFO [2022-04-03 21:46:28] 
INFO [2022-04-03 21:46:28] $imagetype
INFO [2022-04-03 21:46:28] [1] "png"
INFO [2022-04-03 21:46:28] 
INFO [2022-04-03 21:46:28] $height
INFO [2022-04-03 21:46:28] [1] 480
INFO [2022-04-03 21:46:28] 
INFO [2022-04-03 21:46:28] $width
INFO [2022-04-03 21:46:28] [1] 480
INFO [2022-04-03 21:46:28] 
INFO [2022-04-03 21:46:28] $resolution
INFO [2022-04-03 21:46:28] [1] 300
INFO [2022-04-03 21:46:28] 
INFO [2022-04-03 21:46:28] $compression
INFO [2022-04-03 21:46:28] [1] "lzw"
INFO [2022-04-03 21:46:28] 
INFO [2022-04-03 21:46:28] $lwd
INFO [2022-04-03 21:46:28] [1] 2
INFO [2022-04-03 21:46:28] 
INFO [2022-04-03 21:46:28] $lty
INFO [2022-04-03 21:46:28] [1] "blank"
INFO [2022-04-03 21:46:28] 
INFO [2022-04-03 21:46:28] $fill
INFO [2022-04-03 21:46:28] myCol
INFO [2022-04-03 21:46:28] 
INFO [2022-04-03 21:46:28] $cex
INFO [2022-04-03 21:46:28] [1] 0.6
INFO [2022-04-03 21:46:28] 
INFO [2022-04-03 21:46:28] $fontface
INFO [2022-04-03 21:46:28] [1] "bold"
INFO [2022-04-03 21:46:28] 
INFO [2022-04-03 21:46:28] $fontfamily
INFO [2022-04-03 21:46:28] [1] "sans"
INFO [2022-04-03 21:46:28] 
INFO [2022-04-03 21:46:28] $cat.cex
INFO [2022-04-03 21:46:28] [1] 0.6
INFO [2022-04-03 21:46:28] 
INFO [2022-04-03 21:46:28] $cat.fontface
INFO [2022-04-03 21:46:28] [1] "bold"
INFO [2022-04-03 21:46:28] 
INFO [2022-04-03 21:46:28] $cat.default.pos
INFO [2022-04-03 21:46:28] [1] "outer"
INFO [2022-04-03 21:46:28] 
INFO [2022-04-03 21:46:28] $cat.pos
INFO [2022-04-03 21:46:28] c(-27, 27, 135)
INFO [2022-04-03 21:46:28] 
INFO [2022-04-03 21:46:28] $cat.dist
INFO [2022-04-03 21:46:28] c(0.055, 0.055, 0.085)
INFO [2022-04-03 21:46:28] 
INFO [2022-04-03 21:46:28] $cat.fontfamily
INFO [2022-04-03 21:46:28] [1] "sans"
INFO [2022-04-03 21:46:28] 
INFO [2022-04-03 21:46:28] $rotation
INFO [2022-04-03 21:46:28] [1] 1
INFO [2022-04-03 21:46:28] 
