INFO [2022-04-03 21:44:01] $x
INFO [2022-04-03 21:44:01] list(set1, set2, set3)
INFO [2022-04-03 21:44:01] 
INFO [2022-04-03 21:44:01] $category.names
INFO [2022-04-03 21:44:01] c("Set 1", "Set 2 ", "Set 3")
INFO [2022-04-03 21:44:01] 
INFO [2022-04-03 21:44:01] $filename
INFO [2022-04-03 21:44:01] [1] "#14_venn_diagramm.png"
INFO [2022-04-03 21:44:01] 
INFO [2022-04-03 21:44:01] $output
INFO [2022-04-03 21:44:01] [1] TRUE
INFO [2022-04-03 21:44:01] 
INFO [2022-04-03 21:44:01] $imagetype
INFO [2022-04-03 21:44:01] [1] "png"
INFO [2022-04-03 21:44:01] 
INFO [2022-04-03 21:44:01] $height
INFO [2022-04-03 21:44:01] [1] 480
INFO [2022-04-03 21:44:01] 
INFO [2022-04-03 21:44:01] $width
INFO [2022-04-03 21:44:01] [1] 480
INFO [2022-04-03 21:44:01] 
INFO [2022-04-03 21:44:01] $resolution
INFO [2022-04-03 21:44:01] [1] 300
INFO [2022-04-03 21:44:01] 
INFO [2022-04-03 21:44:01] $compression
INFO [2022-04-03 21:44:01] [1] "lzw"
INFO [2022-04-03 21:44:01] 
INFO [2022-04-03 21:44:01] $lwd
INFO [2022-04-03 21:44:01] [1] 2
INFO [2022-04-03 21:44:01] 
INFO [2022-04-03 21:44:01] $lty
INFO [2022-04-03 21:44:01] [1] "blank"
INFO [2022-04-03 21:44:01] 
INFO [2022-04-03 21:44:01] $fill
INFO [2022-04-03 21:44:01] myCol
INFO [2022-04-03 21:44:01] 
INFO [2022-04-03 21:44:01] $cex
INFO [2022-04-03 21:44:01] [1] 0.6
INFO [2022-04-03 21:44:01] 
INFO [2022-04-03 21:44:01] $fontface
INFO [2022-04-03 21:44:01] [1] "bold"
INFO [2022-04-03 21:44:01] 
INFO [2022-04-03 21:44:01] $fontfamily
INFO [2022-04-03 21:44:01] [1] "sans"
INFO [2022-04-03 21:44:01] 
INFO [2022-04-03 21:44:01] $cat.cex
INFO [2022-04-03 21:44:01] [1] 0.6
INFO [2022-04-03 21:44:01] 
INFO [2022-04-03 21:44:01] $cat.fontface
INFO [2022-04-03 21:44:01] [1] "bold"
INFO [2022-04-03 21:44:01] 
INFO [2022-04-03 21:44:01] $cat.default.pos
INFO [2022-04-03 21:44:01] [1] "outer"
INFO [2022-04-03 21:44:01] 
INFO [2022-04-03 21:44:01] $cat.pos
INFO [2022-04-03 21:44:01] c(-27, 27, 135)
INFO [2022-04-03 21:44:01] 
INFO [2022-04-03 21:44:01] $cat.dist
INFO [2022-04-03 21:44:01] c(0.055, 0.055, 0.085)
INFO [2022-04-03 21:44:01] 
INFO [2022-04-03 21:44:01] $cat.fontfamily
INFO [2022-04-03 21:44:01] [1] "sans"
INFO [2022-04-03 21:44:01] 
INFO [2022-04-03 21:44:01] $rotation
INFO [2022-04-03 21:44:01] [1] 1
INFO [2022-04-03 21:44:01] 
